This is pdfTeX, Version 3.1415926-1.40.10 (TeX Live 2009/Debian) (format=pdflatex 2012.3.13)  20 MAR 2012 20:47
entering extended mode
 %&-line parsing enabled.
**informe.tex
(./informe.tex
LaTeX2e <2009/09/24>
Babel <v3.8l> and hyphenation patterns for english, usenglishmax, dumylang, noh
yphenation, loaded.
(/usr/share/texmf-texlive/tex/latex/IEEEtran/IEEEtran.cls
Document Class: IEEEtran 2007/03/05 V1.7a by Michael Shell
-- See the "IEEEtran_HOWTO" manual for usage information.
-- http://www.michaelshell.org/tex/ieeetran/
\@IEEEtrantmpdimenA=\dimen102
\@IEEEtrantmpdimenB=\dimen103
\@IEEEtrantmpcountA=\count79
\@IEEEtrantmpcountB=\count80
\@IEEEtrantmptoksA=\toks14
-- Using IEEE Computer Society mode.
LaTeX Font Info:    Try loading font information for OT1+ppl on input line 366.

(/usr/share/texmf-texlive/tex/latex/psnfss/ot1ppl.fd
File: ot1ppl.fd 2001/06/04 font definitions for OT1/ppl.
)
-- Using 8.5in x 11in (letter) paper.
-- Using PDF output.
\@IEEEnormalsizeunitybaselineskip=\dimen104
-- This is a 10 point document.
\CLASSINFOnormalsizebaselineskip=\dimen105
\CLASSINFOnormalsizeunitybaselineskip=\dimen106
\IEEEnormaljot=\dimen107
LaTeX Font Info:    Font shape `OT1/ppl/bx/n' in size <5> not available
(Font)              Font shape `OT1/ppl/b/n' tried instead on input line 724.
LaTeX Font Info:    Font shape `OT1/ppl/bx/it' in size <5> not available
(Font)              Font shape `OT1/ppl/b/it' tried instead on input line 724.
LaTeX Font Info:    Font shape `OT1/ppl/bx/n' in size <7> not available
(Font)              Font shape `OT1/ppl/b/n' tried instead on input line 724.
LaTeX Font Info:    Font shape `OT1/ppl/bx/it' in size <7> not available
(Font)              Font shape `OT1/ppl/b/it' tried instead on input line 724.
LaTeX Font Info:    Font shape `OT1/ppl/bx/n' in size <8> not available
(Font)              Font shape `OT1/ppl/b/n' tried instead on input line 724.
LaTeX Font Info:    Font shape `OT1/ppl/bx/it' in size <8> not available
(Font)              Font shape `OT1/ppl/b/it' tried instead on input line 724.
LaTeX Font Info:    Font shape `OT1/ppl/bx/n' in size <9> not available
(Font)              Font shape `OT1/ppl/b/n' tried instead on input line 724.
LaTeX Font Info:    Font shape `OT1/ppl/bx/it' in size <9> not available
(Font)              Font shape `OT1/ppl/b/it' tried instead on input line 724.
LaTeX Font Info:    Font shape `OT1/ppl/bx/n' in size <10> not available
(Font)              Font shape `OT1/ppl/b/n' tried instead on input line 724.
LaTeX Font Info:    Font shape `OT1/ppl/bx/it' in size <10> not available
(Font)              Font shape `OT1/ppl/b/it' tried instead on input line 724.
LaTeX Font Info:    Font shape `OT1/ppl/bx/n' in size <11> not available
(Font)              Font shape `OT1/ppl/b/n' tried instead on input line 724.
LaTeX Font Info:    Font shape `OT1/ppl/bx/it' in size <11> not available
(Font)              Font shape `OT1/ppl/b/it' tried instead on input line 724.
LaTeX Font Info:    Font shape `OT1/ppl/bx/n' in size <12> not available
(Font)              Font shape `OT1/ppl/b/n' tried instead on input line 724.
LaTeX Font Info:    Font shape `OT1/ppl/bx/it' in size <12> not available
(Font)              Font shape `OT1/ppl/b/it' tried instead on input line 724.
LaTeX Font Info:    Font shape `OT1/ppl/bx/n' in size <17> not available
(Font)              Font shape `OT1/ppl/b/n' tried instead on input line 724.
LaTeX Font Info:    Font shape `OT1/ppl/bx/it' in size <17> not available
(Font)              Font shape `OT1/ppl/b/it' tried instead on input line 724.
LaTeX Font Info:    Font shape `OT1/ppl/bx/n' in size <20> not available
(Font)              Font shape `OT1/ppl/b/n' tried instead on input line 724.
LaTeX Font Info:    Font shape `OT1/ppl/bx/it' in size <20> not available
(Font)              Font shape `OT1/ppl/b/it' tried instead on input line 724.
LaTeX Font Info:    Font shape `OT1/ppl/bx/n' in size <24> not available
(Font)              Font shape `OT1/ppl/b/n' tried instead on input line 724.
LaTeX Font Info:    Font shape `OT1/ppl/bx/it' in size <24> not available
(Font)              Font shape `OT1/ppl/b/it' tried instead on input line 724.
\IEEEilabelindentA=\dimen108
\IEEEilabelindentB=\dimen109
\IEEEilabelindent=\dimen110
\IEEEelabelindent=\dimen111
\IEEEdlabelindent=\dimen112
\IEEElabelindent=\dimen113
\IEEEiednormlabelsep=\dimen114
\IEEEiedmathlabelsep=\dimen115
\IEEEiedtopsep=\skip41
\c@section=\count81
\c@subsection=\count82
\c@subsubsection=\count83
\c@paragraph=\count84
\c@IEEEsubequation=\count85
\abovecaptionskip=\skip42
\belowcaptionskip=\skip43
\c@figure=\count86
\c@table=\count87
\@IEEEeqnnumcols=\count88
\@IEEEeqncolcnt=\count89
\@IEEEtmpitemindent=\dimen116
\c@IEEEbiography=\count90
\@IEEEtranrubishbin=\box26
) (/usr/share/texmf-texlive/tex/latex/base/inputenc.sty
Package: inputenc 2008/03/30 v1.1d Input encoding file
\inpenc@prehook=\toks15
\inpenc@posthook=\toks16

(/usr/share/texmf-texlive/tex/latex/base/latin1.def
File: latin1.def 2008/03/30 v1.1d Input encoding file
))
(/usr/share/texmf-texlive/tex/latex/graphics/graphicx.sty
Package: graphicx 1999/02/16 v1.0f Enhanced LaTeX Graphics (DPC,SPQR)

(/usr/share/texmf-texlive/tex/latex/graphics/keyval.sty
Package: keyval 1999/03/16 v1.13 key=value parser (DPC)
\KV@toks@=\toks17
)
(/usr/share/texmf-texlive/tex/latex/graphics/graphics.sty
Package: graphics 2009/02/05 v1.0o Standard LaTeX Graphics (DPC,SPQR)

(/usr/share/texmf-texlive/tex/latex/graphics/trig.sty
Package: trig 1999/03/16 v1.09 sin cos tan (DPC)
)
(/etc/texmf/tex/latex/config/graphics.cfg
File: graphics.cfg 2009/08/28 v1.8 graphics configuration of TeX Live
)
Package graphics Info: Driver file: pdftex.def on input line 91.

(/usr/share/texmf-texlive/tex/latex/pdftex-def/pdftex.def
File: pdftex.def 2010/03/12 v0.04p Graphics/color for pdfTeX
\Gread@gobject=\count91
))
\Gin@req@height=\dimen117
\Gin@req@width=\dimen118
) (./informe.aux

LaTeX Warning: Label `3.1' multiply defined.

)
\openout1 = `informe.aux'.

LaTeX Font Info:    Checking defaults for OML/cmm/m/it on input line 425.
LaTeX Font Info:    ... okay on input line 425.
LaTeX Font Info:    Checking defaults for T1/cmr/m/n on input line 425.
LaTeX Font Info:    ... okay on input line 425.
LaTeX Font Info:    Checking defaults for OT1/cmr/m/n on input line 425.
LaTeX Font Info:    ... okay on input line 425.
LaTeX Font Info:    Checking defaults for OMS/cmsy/m/n on input line 425.
LaTeX Font Info:    ... okay on input line 425.
LaTeX Font Info:    Checking defaults for OMX/cmex/m/n on input line 425.
LaTeX Font Info:    ... okay on input line 425.
LaTeX Font Info:    Checking defaults for U/cmr/m/n on input line 425.
LaTeX Font Info:    ... okay on input line 425.
 (/usr/share/texmf-texlive/tex/context/base/supp-pdf.mkii
[Loading MPS to PDF converter (version 2006.09.02).]
\scratchcounter=\count92
\scratchdimen=\dimen119
\scratchbox=\box27
\nofMPsegments=\count93
\nofMParguments=\count94
\everyMPshowfont=\toks18
\MPscratchCnt=\count95
\MPscratchDim=\dimen120
\MPnumerator=\count96
\everyMPtoPDFconversion=\toks19
)
LaTeX Font Info:    Try loading font information for OT1+phv on input line 543.

 (/usr/share/texmf-texlive/tex/latex/psnfss/ot1phv.fd
File: ot1phv.fd 2001/06/04 scalable font definitions for OT1/phv.
)
LaTeX Font Info:    Font shape `OT1/phv/m/it' in size <11> not available
(Font)              Font shape `OT1/phv/m/sl' tried instead on input line 543.
LaTeX Font Info:    Font shape `OT1/phv/bx/n' in size <8> not available
(Font)              Font shape `OT1/phv/b/n' tried instead on input line 543.
LaTeX Font Info:    Calculating math sizes for size <11> on input line 543.
LaTeX Font Info:    External font `cmex10' loaded for size
(Font)              <11> on input line 543.
LaTeX Font Info:    External font `cmex10' loaded for size
(Font)              <7.69997> on input line 543.
LaTeX Font Info:    External font `cmex10' loaded for size
(Font)              <5.5> on input line 543.
LaTeX Font Info:    Try loading font information for U+pzd on input line 543.

(/usr/share/texmf-texlive/tex/latex/psnfss/upzd.fd
File: upzd.fd 2001/06/04 font definitions for U/pzd.
)
LaTeX Font Info:    Font shape `OT1/phv/bx/n' in size <12> not available
(Font)              Font shape `OT1/phv/b/n' tried instead on input line 568.
LaTeX Font Info:    Font shape `OT1/phv/bx/sc' in size <12> not available
(Font)              Font shape `OT1/phv/b/sc' tried instead on input line 568.
LaTeX Font Info:    External font `cmex10' loaded for size
(Font)              <7> on input line 603.
LaTeX Font Info:    External font `cmex10' loaded for size
(Font)              <5> on input line 603.

<./figuras/fig10.png, id=1, 345.54094pt x 56.46094pt>
File: ./figuras/fig10.png Graphic file (type png)

<use ./figuras/fig10.png>
Overfull \hbox (6.0pt too wide) in paragraph at lines 617--618
 [][] 
 []

[1{/var/lib/texmf/fonts/map/pdftex/updmap/pdftex.map}


 <./figuras/fig10.png>]
<./figuras/fig8.png, id=14, 653.44125pt x 185.19188pt>
File: ./figuras/fig8.png Graphic file (type png)

<use ./figuras/fig8.png>
Overfull \hbox (6.0pt too wide) in paragraph at lines 642--643
 [][] 
 []

LaTeX Font Info:    Font shape `OT1/phv/m/it' in size <8> not available
(Font)              Font shape `OT1/phv/m/sl' tried instead on input line 643.
LaTeX Font Info:    External font `cmex10' loaded for size
(Font)              <8> on input line 643.
LaTeX Font Info:    External font `cmex10' loaded for size
(Font)              <6> on input line 643.

Underfull \hbox (badness 1360) in paragraph at lines 662--663
[]\OT1/ppl/m/n/10 La cal-i-braci[]on est[]ereo nos provee los par[]ametros
 []


Underfull \hbox (badness 10000) in paragraph at lines 682--683
[]\OT1/ppl/m/n/10 A con-tin-uaci[]on ex-pli-care-mos la con-fig-u-raci[]on
 []

LaTeX Font Info:    Font shape `OT1/phv/bx/n' in size <10> not available
(Font)              Font shape `OT1/phv/b/n' tried instead on input line 684.
<./figuras/fig11.png, id=15, 487.06969pt x 273.27094pt>
File: ./figuras/fig11.png Graphic file (type png)

<use ./figuras/fig11.png>
Overfull \hbox (6.0pt too wide) in paragraph at lines 693--694
 [][] 
 []

<./figuras/fig14.png, id=16, 729.47531pt x 295.85532pt>
File: ./figuras/fig14.png Graphic file (type png)

<use ./figuras/fig14.png>
Overfull \hbox (6.0pt too wide) in paragraph at lines 708--709
 [][] 
 []

[2 <./figuras/fig8.png> <./figuras/fig11.png (PNG copy)> <./figuras/fig14.png (
PNG copy)>]
Overfull \hbox (9.78094pt too wide) in paragraph at lines 752--752
[][][]\OT1/ppl/m/n/8 ftp://ftp.vision.ee.ethz.ch/publications/articles/eth[]biw
i[]00517.pdf| 
 []

<./figuras/fig1.png, id=27, 608.2725pt x 371.13657pt>
File: ./figuras/fig1.png Graphic file (type png)
 <use ./figuras/fig1.png>
Overfull \hbox (6.0pt too wide) in paragraph at lines 764--765
 [][] 
 []

<./figuras/fig2.png, id=28, 612.03656pt x 354.57469pt>
File: ./figuras/fig2.png Graphic file (type png)

<use ./figuras/fig2.png>
Overfull \hbox (6.0pt too wide) in paragraph at lines 776--777
 [][] 
 []

<./figuras/fig3.png, id=29, 611.28375pt x 359.09157pt>
File: ./figuras/fig3.png Graphic file (type png)

<use ./figuras/fig3.png>
Overfull \hbox (6.0pt too wide) in paragraph at lines 792--793
 [][] 
 []

[3 <./figuras/fig1.png (PNG copy)> <./figuras/fig2.png (PNG copy)> <./figuras/f
ig3.png (PNG copy)>]
LaTeX Font Info:    Font shape `OT1/phv/m/it' in size <10> not available
(Font)              Font shape `OT1/phv/m/sl' tried instead on input line 881.
 <./figuras/fig13.png, id=35, 312.41719pt x 86.57344pt>
File: ./figuras/fig13.png Graphic file (type png)

<use ./figuras/fig13.png>
Overfull \hbox (6.0pt too wide) in paragraph at lines 887--888
 [][] 
 []

[4 <./figuras/fig13.png>]
Underfull \hbox (badness 8019) in paragraph at lines 1016--1017
[]\OT1/ppl/m/n/10 Utilizar un thread aparte para cap-turar las
 []

[5] (./informe.aux)

LaTeX Warning: There were multiply-defined labels.

 ) 
Here is how much of TeX's memory you used:
 1785 strings out of 495061
 27709 string characters out of 1182621
 84224 words of memory out of 3000000
 4965 multiletter control sequences out of 15000+50000
 47154 words of font info for 94 fonts, out of 3000000 for 9000
 31 hyphenation exceptions out of 8191
 28i,8n,21p,1180b,333s stack positions out of 5000i,500n,10000p,200000b,50000s
{/usr/share/texmf-texlive/fonts/enc/dvips/base/8r.enc}</usr/share/texmf-texli
ve/fonts/type1/public/amsfonts/cm/cmex10.pfb></usr/share/texmf-texlive/fonts/ty
pe1/public/amsfonts/cm/cmmi10.pfb></usr/share/texmf-texlive/fonts/type1/public/
amsfonts/cm/cmmi6.pfb></usr/share/texmf-texlive/fonts/type1/public/amsfonts/cm/
cmmi7.pfb></usr/share/texmf-texlive/fonts/type1/public/amsfonts/cm/cmmi8.pfb></
usr/share/texmf-texlive/fonts/type1/public/amsfonts/cm/cmr10.pfb></usr/share/te
xmf-texlive/fonts/type1/public/amsfonts/cm/cmr8.pfb></usr/share/texmf-texlive/f
onts/type1/public/amsfonts/cm/cmsy10.pfb></usr/share/texmf-texlive/fonts/type1/
public/amsfonts/cm/cmsy5.pfb></usr/share/texmf-texlive/fonts/type1/public/amsfo
nts/cm/cmsy7.pfb></usr/share/texmf-texlive/fonts/type1/urw/helvetic/uhvb8a.pfb>
</usr/share/texmf-texlive/fonts/type1/urw/helvetic/uhvr8a.pfb></usr/share/texmf
-texlive/fonts/type1/urw/helvetic/uhvro8a.pfb></usr/share/texmf-texlive/fonts/t
ype1/urw/palatino/uplr8a.pfb></usr/share/texmf-texlive/fonts/type1/urw/zapfding
/uzdr.pfb>
Output written on informe.pdf (5 pages, 338720 bytes).
PDF statistics:
 91 PDF objects out of 1000 (max. 8388607)
 0 named destinations out of 1000 (max. 500000)
 41 words of extra memory for PDF output out of 10000 (max. 10000000)

